<?xml version="1.0" encoding="UTF-8"?>
<testng-results ignored="0" total="1" passed="1" failed="0" skipped="0">
  <reporter-output>
  </reporter-output>
  <suite started-at="2019-04-05T01:14:17Z" name="Suite" finished-at="2019-04-05T01:14:32Z" duration-ms="15760">
    <groups>
      <group name="cucumber">
        <method signature="AbstractTestNGCucumberTests.feature(cucumber.api.testng.CucumberFeatureWrapper)[pri:0, instance:cucumberTestRunner.TestRunner@5fbe4146]" name="feature" class="cucumber.api.testng.AbstractTestNGCucumberTests"/>
      </group> <!-- cucumber -->
    </groups>
    <test started-at="2019-04-05T01:14:17Z" name="LogIn" finished-at="2019-04-05T01:14:32Z" duration-ms="15760">
      <class name="cucumberTestRunner.TestRunner">
        <test-method is-config="true" signature="setUpClass()[pri:0, instance:cucumberTestRunner.TestRunner@5fbe4146]" started-at="2019-04-05T01:14:17Z" name="setUpClass" finished-at="2019-04-05T01:14:17Z" duration-ms="254" status="PASS">
          <reporter-output>
          </reporter-output>
        </test-method> <!-- setUpClass -->
        <test-method signature="feature(cucumber.api.testng.CucumberFeatureWrapper)[pri:0, instance:cucumberTestRunner.TestRunner@5fbe4146]" started-at="2019-04-05T01:14:17Z" name="feature" description="Runs Cucumber Feature" data-provider="features" finished-at="2019-04-05T01:14:32Z" duration-ms="15295" status="PASS">
          <params>
            <param index="0">
              <value>
                <![CDATA[Login in application]]>
              </value>
            </param>
          </params>
          <reporter-output>
          </reporter-output>
        </test-method> <!-- feature -->
        <test-method is-config="true" signature="tearDownClass()[pri:0, instance:cucumberTestRunner.TestRunner@5fbe4146]" started-at="2019-04-05T01:14:32Z" name="tearDownClass" finished-at="2019-04-05T01:14:32Z" duration-ms="114" status="PASS">
          <reporter-output>
          </reporter-output>
        </test-method> <!-- tearDownClass -->
      </class> <!-- cucumberTestRunner.TestRunner -->
    </test> <!-- LogIn -->
  </suite> <!-- Suite -->
</testng-results>
